<?xml version="1.0" encoding="UTF-8"?>
<!-- Generated by org.testng.reporters.JUnitReportReporter -->
<testsuite hostname="INH-LT71" failures="0" tests="4" name="test.day1" time="0.006" errors="0" timestamp="2022-08-31T13:01:47 IST" skipped="0">
  <testcase classname="test.day1" name="home" time="0.001"/>
  <system-out/>
  <testcase classname="test.day1" name="demo" time="0.005"/>
  <system-out/>
  <testcase classname="test.day1" name="demo1" time="0.000"/>
  <system-out/>
  <testcase classname="test.day1" name="demo2" time="0.000"/>
  <system-out/>
</testsuite> <!-- test.day1 -->
