<?xml version="1.0" encoding="UTF-8"?>
<!-- Generated by org.testng.reporters.JUnitReportReporter -->
<testsuite hostname="INH-LT71" failures="0" tests="3" name="test.Day1B" time="0.001" errors="0" timestamp="2022-08-31T13:01:47 IST" skipped="0">
  <testcase classname="test.Day1B" name="demo3" time="0.001"/>
  <system-out/>
  <testcase classname="test.Day1B" name="loanForhome" time="0.000"/>
  <system-out/>
  <testcase classname="test.Day1B" name="loanForCar" time="0.000"/>
  <system-out/>
</testsuite> <!-- test.Day1B -->
